{
  "stats": {
    "suites": 1,
    "tests": 3,
    "passes": 3,
    "pending": 0,
    "failures": 0,
    "start": "2024-08-04T15:52:13.372Z",
    "end": "2024-08-04T15:52:19.828Z",
    "duration": 6456,
    "testsRegistered": 3,
    "passPercent": 100,
    "pendingPercent": 0,
    "other": 0,
    "hasOther": false,
    "skipped": 0,
    "hasSkipped": false
  },
  "results": [
    {
      "uuid": "22f1feb4-8556-4815-a2c0-d6dafdfbc3c1",
      "title": "",
      "fullFile": "cypress\\e2e\\test.spec.js",
      "file": "cypress\\e2e\\test.spec.js",
      "beforeHooks": [],
      "afterHooks": [],
      "tests": [],
      "suites": [
        {
          "uuid": "50bf6b23-62cf-47d0-aef9-9276d3959457",
          "title": "As a user, I want to log in with valid credentials so that I can access the products page.",
          "fullFile": "",
          "file": "",
          "beforeHooks": [],
          "afterHooks": [],
          "tests": [
            {
              "title": "Verify login with valid credential",
              "fullTitle": "As a user, I want to log in with valid credentials so that I can access the products page. Verify login with valid credential",
              "timedOut": null,
              "duration": 3412,
              "state": "passed",
              "speed": "fast",
              "pass": true,
              "fail": false,
              "pending": false,
              "context": null,
              "code": "cy.visit('/');\ncy.url().should('include', '/www.saucedemo.com/');\ncy.get('#user-name').type(_standard_user.default.userName);\ncy.get('#password').type(_standard_user.default.password);\ncy.get('#login-button').click();\ncy.url().should('include', '/inventory.html');",
              "err": {},
              "uuid": "585de031-33a2-452d-af76-01aab7b557e2",
              "parentUUID": "50bf6b23-62cf-47d0-aef9-9276d3959457",
              "isHook": false,
              "skipped": false
            },
            {
              "title": "Verify login with valid credential, as locked out user",
              "fullTitle": "As a user, I want to log in with valid credentials so that I can access the products page. Verify login with valid credential, as locked out user",
              "timedOut": null,
              "duration": 1664,
              "state": "passed",
              "speed": "fast",
              "pass": true,
              "fail": false,
              "pending": false,
              "context": null,
              "code": "cy.visit('/');\ncy.url().should('include', 'https://www.saucedemo.com/');\ncy.get('#user-name').type('locked_out_user');\ncy.get('#password').type('secret_sauce');\ncy.get('#login-button').click(); // cy.url().should('include', 'https://www.saucedemo.com/inventory.html')",
              "err": {},
              "uuid": "f501a054-f7f9-4759-90c9-f28454e347dd",
              "parentUUID": "50bf6b23-62cf-47d0-aef9-9276d3959457",
              "isHook": false,
              "skipped": false
            },
            {
              "title": "Verify login with valid credential, as error user",
              "fullTitle": "As a user, I want to log in with valid credentials so that I can access the products page. Verify login with valid credential, as error user",
              "timedOut": null,
              "duration": 1294,
              "state": "passed",
              "speed": "fast",
              "pass": true,
              "fail": false,
              "pending": false,
              "context": null,
              "code": "loginPage.visit();\nloginPage.fillUserNameField(Cypress.env(\"errorUserName\"));\nloginPage.fillPasswordField(Cypress.env(\"password\"));\nloginPage.submit();\ncy.url().should('include', '/inventory.html');",
              "err": {},
              "uuid": "254b8496-bec0-405e-85d7-974321bbd37c",
              "parentUUID": "50bf6b23-62cf-47d0-aef9-9276d3959457",
              "isHook": false,
              "skipped": false
            }
          ],
          "suites": [],
          "passes": [
            "585de031-33a2-452d-af76-01aab7b557e2",
            "f501a054-f7f9-4759-90c9-f28454e347dd",
            "254b8496-bec0-405e-85d7-974321bbd37c"
          ],
          "failures": [],
          "pending": [],
          "skipped": [],
          "duration": 6370,
          "root": false,
          "rootEmpty": false,
          "_timeout": 2000
        }
      ],
      "passes": [],
      "failures": [],
      "pending": [],
      "skipped": [],
      "duration": 0,
      "root": true,
      "rootEmpty": true,
      "_timeout": 2000
    }
  ],
  "meta": {
    "mocha": {
      "version": "7.0.1"
    },
    "mochawesome": {
      "options": {
        "quiet": false,
        "reportFilename": "mochawesome",
        "saveHtml": false,
        "saveJson": true,
        "consoleReporter": "spec",
        "useInlineDiffs": false,
        "code": true
      },
      "version": "7.1.3"
    },
    "marge": {
      "options": {
        "reportDir": "cypress/reports",
        "overwrite": false,
        "html": false,
        "json": true
      },
      "version": "6.2.0"
    }
  }
}